2025-02-15 01:47:14.109 [INF]  Starting ETL Service
2025-02-15 01:49:10.947 [INF]  Starting ETL Service
2025-02-15 01:51:16.574 [ERR] EtlDotnet.Worker Error updating service status
System.IO.DirectoryNotFoundException: Could not find a part of the path 'D:\var\log\etldotnet\service-status.json'.
   at Microsoft.Win32.SafeHandles.SafeFileHandle.CreateFile(String fullPath, FileMode mode, FileAccess access, FileShare share, FileOptions options)
   at Microsoft.Win32.SafeHandles.SafeFileHandle.Open(String fullPath, FileMode mode, FileAccess access, FileShare share, FileOptions options, Int64 preallocationSize, Nullable`1 unixCreateMode)
   at System.IO.File.OpenHandle(String path, FileMode mode, FileAccess access, FileShare share, FileOptions options, Int64 preallocationSize)
   at System.IO.File.WriteToFile(String path, FileMode mode, String contents, Encoding encoding)
   at EtlDotnet.Worker.UpdateServiceStatus(Object state) in D:\os\EtlDotnet\Worker.cs:line 290
2025-02-15 01:52:03.910 [INF] Microsoft.Hosting.Lifetime Application started. Press Ctrl+C to shut down.
2025-02-15 01:52:03.918 [INF] Microsoft.Hosting.Lifetime Hosting environment: Production
2025-02-15 01:52:03.920 [INF] Microsoft.Hosting.Lifetime Content root path: D:\os\EtlDotnet
2025-02-15 01:55:19.837 [INF]  Starting ETL Service
2025-02-15 01:56:51.830 [WRN] EtlDotnet.Worker Unhealthy tasks detected: OrdersSync, CustomersSync
2025-02-15 01:56:58.250 [INF] Microsoft.Hosting.Lifetime Application started. Press Ctrl+C to shut down.
2025-02-15 01:56:58.252 [INF] Microsoft.Hosting.Lifetime Hosting environment: Production
2025-02-15 01:56:58.254 [INF] Microsoft.Hosting.Lifetime Content root path: D:\os\EtlDotnet
2025-02-15 01:57:33.033 [INF]  Starting ETL Service
2025-02-15 01:57:43.169 [WRN] EtlDotnet.Worker Unhealthy tasks detected: OrdersSync, CustomersSync
2025-02-15 01:57:48.496 [INF] Microsoft.Hosting.Lifetime Application started. Press Ctrl+C to shut down.
2025-02-15 01:57:48.500 [INF] Microsoft.Hosting.Lifetime Hosting environment: Production
2025-02-15 01:57:48.502 [INF] Microsoft.Hosting.Lifetime Content root path: D:\os\EtlDotnet
2025-02-15 02:05:36.977 [INF]  Starting ETL Service
2025-02-15 02:05:41.567 [WRN] EtlDotnet.Worker Unhealthy tasks detected: OrdersSync, CustomersSync
2025-02-15 02:05:43.645 [INF] Microsoft.Hosting.Lifetime Application started. Press Ctrl+C to shut down.
2025-02-15 02:05:43.647 [INF] Microsoft.Hosting.Lifetime Hosting environment: Production
2025-02-15 02:05:43.650 [INF] Microsoft.Hosting.Lifetime Content root path: D:\os\EtlDotnet
2025-02-15 02:07:03.320 [INF]  Starting ETL Service
2025-02-15 02:07:08.650 [WRN] EtlDotnet.Worker Unhealthy tasks detected: OrdersSync, CustomersSync
2025-02-15 02:07:10.886 [INF] Microsoft.Hosting.Lifetime Application started. Press Ctrl+C to shut down.
2025-02-15 02:07:10.888 [INF] Microsoft.Hosting.Lifetime Hosting environment: Production
2025-02-15 02:07:10.890 [INF] Microsoft.Hosting.Lifetime Content root path: D:\os\EtlDotnet
2025-02-15 02:09:19.705 [ERR] EtlDotnet.Worker Error saving state for task CustomersSync
System.IO.DirectoryNotFoundException: Could not find a part of the path 'D:\os\EtlDotnet\state\customers-sync.json'.
   at Microsoft.Win32.SafeHandles.SafeFileHandle.CreateFile(String fullPath, FileMode mode, FileAccess access, FileShare share, FileOptions options)
   at Microsoft.Win32.SafeHandles.SafeFileHandle.Open(String fullPath, FileMode mode, FileAccess access, FileShare share, FileOptions options, Int64 preallocationSize, Nullable`1 unixCreateMode)
   at System.IO.File.OpenHandle(String path, FileMode mode, FileAccess access, FileShare share, FileOptions options, Int64 preallocationSize)
   at System.IO.File.WriteToFile(String path, FileMode mode, String contents, Encoding encoding)
   at EtlDotnet.Worker.SaveTaskState(TaskConfig task, String lastValue)
2025-02-15 02:12:10.497 [INF]  Starting ETL Service
2025-02-15 02:12:15.964 [WRN] EtlDotnet.Worker Unhealthy tasks detected: OrdersSync, CustomersSync
2025-02-15 02:12:17.765 [INF] Microsoft.Hosting.Lifetime Application started. Press Ctrl+C to shut down.
2025-02-15 02:12:17.768 [INF] Microsoft.Hosting.Lifetime Hosting environment: Production
2025-02-15 02:12:17.769 [INF] Microsoft.Hosting.Lifetime Content root path: D:\os\EtlDotnet
2025-02-15 02:24:36.214 [INF]  Starting ETL Service
2025-02-15 02:26:19.503 [WRN] EtlDotnet.Worker Unhealthy tasks detected: OrdersSync, CustomersSync
2025-02-15 02:26:21.352 [INF] Microsoft.Hosting.Lifetime Application started. Press Ctrl+C to shut down.
2025-02-15 02:26:21.354 [INF] Microsoft.Hosting.Lifetime Hosting environment: Production
2025-02-15 02:26:21.356 [INF] Microsoft.Hosting.Lifetime Content root path: D:\os\EtlDotnet
2025-02-15 02:28:40.348 [INF]  Starting ETL Service
2025-02-15 02:28:43.666 [WRN] EtlDotnet.Worker Unhealthy tasks detected: OrdersSync, CustomersSync
2025-02-15 02:28:44.832 [INF] Microsoft.Hosting.Lifetime Application started. Press Ctrl+C to shut down.
2025-02-15 02:28:44.834 [INF] Microsoft.Hosting.Lifetime Hosting environment: Production
2025-02-15 02:28:44.837 [INF] Microsoft.Hosting.Lifetime Content root path: D:\os\EtlDotnet
2025-02-15 02:32:03.552 [INF]  Starting ETL Service
2025-02-15 02:32:06.991 [WRN] EtlDotnet.Worker Unhealthy tasks detected: OrdersSync, CustomersSync
2025-02-15 02:32:08.044 [INF] Microsoft.Hosting.Lifetime Application started. Press Ctrl+C to shut down.
2025-02-15 02:32:08.046 [INF] Microsoft.Hosting.Lifetime Hosting environment: Production
2025-02-15 02:32:08.049 [INF] Microsoft.Hosting.Lifetime Content root path: D:\os\EtlDotnet
2025-02-15 02:34:32.297 [ERR] EtlDotnet.Worker Error updating service status
System.IO.IOException: The process cannot access the file 'D:\var\log\etldotnet\service-status.json' because it is being used by another process.
   at Microsoft.Win32.SafeHandles.SafeFileHandle.CreateFile(String fullPath, FileMode mode, FileAccess access, FileShare share, FileOptions options)
   at Microsoft.Win32.SafeHandles.SafeFileHandle.Open(String fullPath, FileMode mode, FileAccess access, FileShare share, FileOptions options, Int64 preallocationSize, Nullable`1 unixCreateMode)
   at System.IO.File.WriteToFile(String path, FileMode mode, String contents, Encoding encoding)
   at EtlDotnet.Worker.UpdateServiceStatus(Object state) in D:\os\EtlDotnet\Worker.cs:line 302
2025-02-15 02:35:27.872 [INF]  Starting ETL Service
2025-02-15 02:35:31.202 [WRN] EtlDotnet.Worker Unhealthy tasks detected: OrdersSync, CustomersSync
2025-02-15 02:35:32.701 [INF] Microsoft.Hosting.Lifetime Application started. Press Ctrl+C to shut down.
2025-02-15 02:35:32.703 [INF] Microsoft.Hosting.Lifetime Hosting environment: Production
2025-02-15 02:35:32.705 [INF] Microsoft.Hosting.Lifetime Content root path: D:\os\EtlDotnet
2025-02-15 02:38:36.227 [INF]  Starting ETL Service
2025-02-15 02:38:51.062 [WRN] EtlDotnet.Worker Unhealthy tasks detected: OrdersSync, CustomersSync
2025-02-15 02:38:52.182 [INF] Microsoft.Hosting.Lifetime Application started. Press Ctrl+C to shut down.
2025-02-15 02:38:52.191 [INF] Microsoft.Hosting.Lifetime Hosting environment: Production
2025-02-15 02:38:52.193 [INF] Microsoft.Hosting.Lifetime Content root path: D:\os\EtlDotnet
2025-02-15 02:44:43.654 [INF]  Starting ETL Service
2025-02-15 02:44:46.682 [WRN] EtlDotnet.Worker Unhealthy tasks detected: OrdersSync, CustomersSync
2025-02-15 02:44:47.487 [INF] Microsoft.Hosting.Lifetime Application started. Press Ctrl+C to shut down.
2025-02-15 02:44:47.490 [INF] Microsoft.Hosting.Lifetime Hosting environment: Production
2025-02-15 02:44:47.491 [INF] Microsoft.Hosting.Lifetime Content root path: D:\os\EtlDotnet
2025-02-15 02:45:34.153 [INF]  Starting ETL Service
2025-02-15 02:46:05.992 [WRN] EtlDotnet.Worker Unhealthy tasks detected: OrdersSync, CustomersSync
2025-02-15 02:46:11.720 [INF] Microsoft.Hosting.Lifetime Application started. Press Ctrl+C to shut down.
2025-02-15 02:46:11.723 [INF] Microsoft.Hosting.Lifetime Hosting environment: Production
2025-02-15 02:46:11.725 [INF] Microsoft.Hosting.Lifetime Content root path: D:\os\EtlDotnet
2025-02-15 02:47:23.605 [INF]  Starting ETL Service
2025-02-15 02:47:37.116 [WRN] EtlDotnet.Worker Unhealthy tasks detected: OrdersSync, CustomersSync
2025-02-15 02:47:38.951 [INF] Microsoft.Hosting.Lifetime Application started. Press Ctrl+C to shut down.
2025-02-15 02:47:38.953 [INF] Microsoft.Hosting.Lifetime Hosting environment: Production
2025-02-15 02:47:38.954 [INF] Microsoft.Hosting.Lifetime Content root path: D:\os\EtlDotnet
2025-02-15 02:57:27.939 [INF]  Starting ETL Service
2025-02-15 02:57:30.566 [WRN] EtlDotnet.Worker Unhealthy tasks detected: OrdersSync, CustomersSync
2025-02-15 02:57:31.854 [INF] Microsoft.Hosting.Lifetime Application started. Press Ctrl+C to shut down.
2025-02-15 02:57:31.858 [INF] Microsoft.Hosting.Lifetime Hosting environment: Production
2025-02-15 02:57:31.860 [INF] Microsoft.Hosting.Lifetime Content root path: D:\os\EtlDotnet
